<?xml version="1.0" encoding="UTF-8" ?>
<testsuite errors="0" failures="0" hostname="SamTheCEO" name="library.LibraryTest" skipped="0" tests="66" time="0.239" timestamp="2016-12-12T06:16:35">
  <properties>
    <property name="java.vendor" value="Oracle Corporation" />
    <property name="sun.java.launcher" value="SUN_STANDARD" />
    <property name="sun.management.compiler" value="HotSpot 64-Bit Tiered Compilers" />
    <property name="build.sysclasspath" value="ignore" />
    <property name="os.name" value="Windows 10" />
    <property name="sun.boot.class.path" value="C:\Program Files\Java\jdk1.8.0_91\jre\lib\resources.jar;C:\Program Files\Java\jdk1.8.0_91\jre\lib\rt.jar;C:\Program Files\Java\jdk1.8.0_91\jre\lib\sunrsasign.jar;C:\Program Files\Java\jdk1.8.0_91\jre\lib\jsse.jar;C:\Program Files\Java\jdk1.8.0_91\jre\lib\jce.jar;C:\Program Files\Java\jdk1.8.0_91\jre\lib\charsets.jar;C:\Program Files\Java\jdk1.8.0_91\jre\lib\jfr.jar;C:\Program Files\Java\jdk1.8.0_91\jre\classes" />
    <property name="sun.desktop" value="windows" />
    <property name="final.grading" value="true" />
    <property name="java.vm.specification.vendor" value="Oracle Corporation" />
    <property name="ant.home" value="C:\Users\Sam\.p2\pool\plugins\org.apache.ant_1.9.6.v201510161327" />
    <property name="java.runtime.version" value="1.8.0_91-b14" />
    <property name="user.name" value="Sam Chang (local)" />
    <property name="ant.build.javac.target" value="1.8" />
    <property name="user.language" value="en" />
    <property name="sun.boot.library.path" value="C:\Program Files\Java\jdk1.8.0_91\jre\bin" />
    <property name="grader.report.file" value="my-grader-report.xml" />
    <property name="ant.project.default-target" value="all" />
    <property name="java.version" value="1.8.0_91" />
    <property name="user.timezone" value="" />
    <property name="sun.arch.data.model" value="64" />
    <property name="java.endorsed.dirs" value="C:\Program Files\Java\jdk1.8.0_91\jre\lib\endorsed" />
    <property name="sun.cpu.isalist" value="amd64" />
    <property name="sun.jnu.encoding" value="MS950" />
    <property name="file.encoding.pkg" value="sun.io" />
    <property name="file.separator" value="\" />
    <property name="java.specification.name" value="Java Platform API Specification" />
    <property name="java.class.version" value="52.0" />
    <property name="user.country" value="US" />
    <property name="java.home" value="C:\Program Files\Java\jdk1.8.0_91\jre" />
    <property name="java.vm.info" value="mixed mode" />
    <property name="ant.file" value="C:\Users\Sam\workspace\ps3-library\grader.xml" />
    <property name="os.version" value="10.0" />
    <property name="final.grader.jar" value="ps3-final-grader.jar" />
    <property name="path.separator" value=";" />
    <property name="java.vm.version" value="25.91-b14" />
    <property name="user.variant" value="" />
    <property name="ant.library.dir" value="C:\Users\Sam\.p2\pool\plugins\org.apache.ant_1.9.6.v201510161327\lib" />
    <property name="java.awt.printerjob" value="sun.awt.windows.WPrinterJob" />
    <property name="sun.io.unicode.encoding" value="UnicodeLittle" />
    <property name="awt.toolkit" value="sun.awt.windows.WToolkit" />
    <property name="user.script" value="" />
    <property name="user.home" value="C:\Users\Sam" />
    <property name="java.specification.vendor" value="Oracle Corporation" />
    <property name="which.tests.ran" value="BETA + FINAL" />
    <property name="java.library.path" value="C:\Program Files\Java\jdk1.8.0_91\jre\bin;C:\WINDOWS\Sun\Java\bin;C:\WINDOWS\system32;C:\WINDOWS;c:/program files/java/jdk1.8.0_91/bin/../jre/bin/server;c:/program files/java/jdk1.8.0_91/bin/../jre/bin;c:/program files/java/jdk1.8.0_91/bin/../jre/lib/amd64;c:\program files\java\jdk1.8.0_91\bin;C:\ProgramData\Oracle\Java\javapath;C:\Program Files (x86)\Intel\iCLS Client\;C:\Program Files\Intel\iCLS Client\;C:\Windows\system32;C:\Windows;C:\Windows\System32\Wbem;C:\Windows\System32\WindowsPowerShell\v1.0\;C:\Program Files\Hewlett-Packard\SimplePass\;C:\Program Files (x86)\NVIDIA Corporation\PhysX\Common;c:\Program Files\Intel\WiFi\bin\;c:\Program Files\Common Files\Intel\WirelessCommon\;C:\WINDOWS\system32;C:\WINDOWS;C:\WINDOWS\System32\Wbem;C:\WINDOWS\System32\WindowsPowerShell\v1.0\;C:\Program Files (x86)\Skype\Phone\;C:\Program Files (x86)\Windows Live\Shared;C:\Program Files (x86)\Intel\Intel(R) Management Engine Components\DAL;C:\Program Files\Intel\Intel(R) Management Engine Components\DAL;C:\Program Files (x86)\Intel\Intel(R) Management Engine Components\IPT;C:\Program Files\Intel\Intel(R) Management Engine Components\IPT;c:\Program Files\Intel\WiFi\bin\;c:\Program Files\Common Files\Intel\WirelessCommon\;%USERPROFILE%\AppData\Local\Microsoft\WindowsApps;;C:\WINDOWS\system32;;." />
    <property name="java.vendor.url" value="http://java.oracle.com/" />
    <property name="java.vm.vendor" value="Oracle Corporation" />
    <property name="java.runtime.name" value="Java(TM) SE Runtime Environment" />
    <property name="beta.grader.jar" value="ps3-beta-grader.jar" />
    <property name="sun.java.command" value="org.apache.tools.ant.taskdefs.optional.junit.JUnitTestRunner library.LibraryTest skipNonTests=false filtertrace=true haltOnError=false haltOnFailure=false showoutput=false outputtoformatters=true logfailedtests=true threadid=0 logtestlistenerevents=false formatter=org.apache.tools.ant.taskdefs.optional.junit.XMLJUnitResultFormatter,C:\Users\Sam\workspace\ps3-library\.grader\TEST-library.LibraryTest.xml crashfile=C:\Users\Sam\workspace\ps3-library\.grader\junitvmwatcher3206678104526630082.properties propsfile=C:\Users\Sam\workspace\ps3-library\.grader\junit4923952744858247199.properties" />
    <property name="java.class.path" value="C:\Users\Sam\workspace\ps3-library\lib\junit-4.12.jar;C:\Users\Sam\workspace\ps3-library\lib\hamcrest-core-1.3.jar;C:\Users\Sam\workspace\ps3-library\.grader\bin-student;C:\Users\Sam\.p2\pool\plugins\org.apache.ant_1.9.6.v201510161327\lib\ant-launcher.jar;C:\Users\Sam\.p2\pool\plugins\org.apache.ant_1.9.6.v201510161327\lib\ant.jar;C:\Users\Sam\.p2\pool\plugins\org.apache.ant_1.9.6.v201510161327\lib\ant-junit.jar;C:\Users\Sam\.p2\pool\plugins\org.apache.ant_1.9.6.v201510161327\lib\ant-junit4.jar" />
    <property name="ant.version" value="Apache Ant(TM) version 1.9.6 compiled on June 29 2015" />
    <property name="project.name" value="ps3-library" />
    <property name="java.vm.specification.name" value="Java Virtual Machine Specification" />
    <property name="java.vm.specification.version" value="1.8" />
    <property name="sun.cpu.endian" value="little" />
    <property name="didit.desc" value="Running your tests against your implementation." />
    <property name="sun.os.patch.level" value="" />
    <property name="java.io.tmpdir" value="C:\Users\Sam\AppData\Local\Temp\" />
    <property name="java.vendor.url.bug" value="http://bugreport.sun.com/bugreport/" />
    <property name="os.arch" value="amd64" />
    <property name="java.awt.graphicsenv" value="sun.awt.Win32GraphicsEnvironment" />
    <property name="java.ext.dirs" value="C:\Program Files\Java\jdk1.8.0_91\jre\lib\ext;C:\WINDOWS\Sun\Java\lib\ext" />
    <property name="user.dir" value="C:\Users\Sam\workspace\ps3-library" />
    <property name="line.separator" value="&#xd;&#xa;" />
    <property name="zipfile" value="my-submission.zip" />
    <property name="java.vm.name" value="Java HotSpot(TM) 64-Bit Server VM" />
    <property name="problem.set" value="ps3" />
    <property name="basedir" value="C:\Users\Sam\workspace\ps3-library" />
    <property name="ant.java.version" value="1.8" />
    <property name="ant.core.lib" value="C:\Users\Sam\.p2\pool\plugins\org.apache.ant_1.9.6.v201510161327\lib\ant.jar" />
    <property name="file.encoding" value="MS950" />
    <property name="java.specification.version" value="1.8" />
    <property name="grader.dir" value=".grader" />
    <property name="ant.project.invoked-targets" value="all" />
  </properties>
  <testcase classname="library.LibraryTest" name="testFind2keyWordsMatchTitleAndAuthor[library.SmallLibrary]" time="0.005" />
  <testcase classname="library.LibraryTest" name="testFind1keyWordMatchCheckedOut[library.SmallLibrary]" time="0.001" />
  <testcase classname="library.LibraryTest" name="testCheckinCopyCheckedOut[library.SmallLibrary]" time="0.0" />
  <testcase classname="library.LibraryTest" name="testFind3keyWordsMatch3Books[library.SmallLibrary]" time="0.001" />
  <testcase classname="library.LibraryTest" name="testFindOneBookMultipleCopies[library.SmallLibrary]" time="0.0" />
  <testcase classname="library.LibraryTest" name="testCheckinCopyNotBought[library.SmallLibrary]" time="0.0" />
  <testcase classname="library.LibraryTest" name="testFindBookByExactAuthor[library.SmallLibrary]" time="0.0" />
  <testcase classname="library.LibraryTest" name="testCheckoutCopyAvailable[library.SmallLibrary]" time="0.0" />
  <testcase classname="library.LibraryTest" name="testLoseBookCopy[library.SmallLibrary]" time="0.0" />
  <testcase classname="library.LibraryTest" name="testAllCopiesSet1CopyAvailable[library.SmallLibrary]" time="0.001" />
  <testcase classname="library.LibraryTest" name="testFind2keyWordsMatch2Books[library.SmallLibrary]" time="0.002" />
  <testcase classname="library.LibraryTest" name="testFind0keyWordMatch[library.SmallLibrary]" time="0.0" />
  <testcase classname="library.LibraryTest" name="testFind2keyWordsMatchTitle[library.SmallLibrary]" time="0.001" />
  <testcase classname="library.LibraryTest" name="testAvailableCopiesEmptySet[library.SmallLibrary]" time="0.001" />
  <testcase classname="library.LibraryTest" name="testFind2keyWordsMatchAuthor[library.SmallLibrary]" time="0.001" />
  <testcase classname="library.LibraryTest" name="testAllCopiesSet0CopyAvailable[library.SmallLibrary]" time="0.0" />
  <testcase classname="library.LibraryTest" name="testAvailableBookBought[library.SmallLibrary]" time="0.0" />
  <testcase classname="library.LibraryTest" name="testAvailableBookNotBought[library.SmallLibrary]" time="0.0" />
  <testcase classname="library.LibraryTest" name="testFindSameBooksExceptYear[library.SmallLibrary]" time="0.001" />
  <testcase classname="library.LibraryTest" name="testAssertionsEnabled[library.SmallLibrary]" time="0.0" />
  <testcase classname="library.LibraryTest" name="testAvailableCopies1CopyAvailable[library.SmallLibrary]" time="0.0" />
  <testcase classname="library.LibraryTest" name="testFind1keyWordMatchAuthor[library.SmallLibrary]" time="0.0" />
  <testcase classname="library.LibraryTest" name="testCheckinCopyNotCheckedOut[library.SmallLibrary]" time="0.0" />
  <testcase classname="library.LibraryTest" name="testAvailableCopies2CopiesAvailable[library.SmallLibrary]" time="0.0" />
  <testcase classname="library.LibraryTest" name="testAvailableCopies0CopyAvailable[library.SmallLibrary]" time="0.0" />
  <testcase classname="library.LibraryTest" name="testBuyGoodBook[library.SmallLibrary]" time="0.0" />
  <testcase classname="library.LibraryTest" name="testFind1keyWordMatchTitle[library.SmallLibrary]" time="0.001" />
  <testcase classname="library.LibraryTest" name="testAllCopiesSet2CopiesAvailable[library.SmallLibrary]" time="0.0" />
  <testcase classname="library.LibraryTest" name="testFind0keyWordMatchCaseSensitivity[library.SmallLibrary]" time="0.0" />
  <testcase classname="library.LibraryTest" name="testLoseMultipleBookCopy[library.SmallLibrary]" time="0.0" />
  <testcase classname="library.LibraryTest" name="testFindBookByExactTitle[library.SmallLibrary]" time="0.001" />
  <testcase classname="library.LibraryTest" name="testCheckoutCopyNotAvailable[library.SmallLibrary]" time="0.001" />
  <testcase classname="library.LibraryTest" name="testAllCopiesEmptySet[library.SmallLibrary]" time="0.001" />
  <testcase classname="library.LibraryTest" name="testFind2keyWordsMatchTitleAndAuthor[library.BigLibrary]" time="0.015" />
  <testcase classname="library.LibraryTest" name="testFind1keyWordMatchCheckedOut[library.BigLibrary]" time="0.008" />
  <testcase classname="library.LibraryTest" name="testCheckinCopyCheckedOut[library.BigLibrary]" time="0.003" />
  <testcase classname="library.LibraryTest" name="testFind3keyWordsMatch3Books[library.BigLibrary]" time="0.007" />
  <testcase classname="library.LibraryTest" name="testFindOneBookMultipleCopies[library.BigLibrary]" time="0.002" />
  <testcase classname="library.LibraryTest" name="testCheckinCopyNotBought[library.BigLibrary]" time="0.0" />
  <testcase classname="library.LibraryTest" name="testFindBookByExactAuthor[library.BigLibrary]" time="0.002" />
  <testcase classname="library.LibraryTest" name="testCheckoutCopyAvailable[library.BigLibrary]" time="0.001" />
  <testcase classname="library.LibraryTest" name="testLoseBookCopy[library.BigLibrary]" time="0.001" />
  <testcase classname="library.LibraryTest" name="testAllCopiesSet1CopyAvailable[library.BigLibrary]" time="0.002" />
  <testcase classname="library.LibraryTest" name="testFind2keyWordsMatch2Books[library.BigLibrary]" time="0.003" />
  <testcase classname="library.LibraryTest" name="testFind0keyWordMatch[library.BigLibrary]" time="0.0" />
  <testcase classname="library.LibraryTest" name="testFind2keyWordsMatchTitle[library.BigLibrary]" time="0.002" />
  <testcase classname="library.LibraryTest" name="testAvailableCopiesEmptySet[library.BigLibrary]" time="0.001" />
  <testcase classname="library.LibraryTest" name="testFind2keyWordsMatchAuthor[library.BigLibrary]" time="0.003" />
  <testcase classname="library.LibraryTest" name="testAllCopiesSet0CopyAvailable[library.BigLibrary]" time="0.003" />
  <testcase classname="library.LibraryTest" name="testAvailableBookBought[library.BigLibrary]" time="0.001" />
  <testcase classname="library.LibraryTest" name="testAvailableBookNotBought[library.BigLibrary]" time="0.0" />
  <testcase classname="library.LibraryTest" name="testFindSameBooksExceptYear[library.BigLibrary]" time="0.007" />
  <testcase classname="library.LibraryTest" name="testAssertionsEnabled[library.BigLibrary]" time="0.0" />
  <testcase classname="library.LibraryTest" name="testAvailableCopies1CopyAvailable[library.BigLibrary]" time="0.001" />
  <testcase classname="library.LibraryTest" name="testFind1keyWordMatchAuthor[library.BigLibrary]" time="0.002" />
  <testcase classname="library.LibraryTest" name="testCheckinCopyNotCheckedOut[library.BigLibrary]" time="0.001" />
  <testcase classname="library.LibraryTest" name="testAvailableCopies2CopiesAvailable[library.BigLibrary]" time="0.001" />
  <testcase classname="library.LibraryTest" name="testAvailableCopies0CopyAvailable[library.BigLibrary]" time="0.001" />
  <testcase classname="library.LibraryTest" name="testBuyGoodBook[library.BigLibrary]" time="0.001" />
  <testcase classname="library.LibraryTest" name="testFind1keyWordMatchTitle[library.BigLibrary]" time="0.002" />
  <testcase classname="library.LibraryTest" name="testAllCopiesSet2CopiesAvailable[library.BigLibrary]" time="0.001" />
  <testcase classname="library.LibraryTest" name="testFind0keyWordMatchCaseSensitivity[library.BigLibrary]" time="0.001" />
  <testcase classname="library.LibraryTest" name="testLoseMultipleBookCopy[library.BigLibrary]" time="0.002" />
  <testcase classname="library.LibraryTest" name="testFindBookByExactTitle[library.BigLibrary]" time="0.001" />
  <testcase classname="library.LibraryTest" name="testCheckoutCopyNotAvailable[library.BigLibrary]" time="0.0" />
  <testcase classname="library.LibraryTest" name="testAllCopiesEmptySet[library.BigLibrary]" time="0.0" />
  <system-out><![CDATA[]]></system-out>
  <system-err><![CDATA[]]></system-err>
</testsuite>
